<!-- === Test targets =========================================================== -->

  <property name="test.pub.id" value="test"/>
  <property name="test.pub.source.id" value="default"/>

  <path id="classpath.default">
    <path refid="classpath"/>
    <pathelement location="${build.test}" />
    <pathelement path="${build.root}/lenya/webapp/WEB-INF/classes" />
    <fileset dir="${build.root}/lenya/webapp/WEB-INF/lib">
      <include name="ant**.jar"/>
    </fileset>
  </path>
      
  <!-- Runs all tests -->
  <target name="test" depends="tests.junit, tests.anteater" description="Runs all tests"/>
  
  <!-- Prepares the test publication -->
  <target name="test.pub.prepare">
    
    <property name="test.pub.dir" value="${install.dir}/lenya/pubs/${test.pub.id}"/>
    
    <delete dir="${test.pub.dir}"/>
    <mkdir dir="${test.pub.dir}"/>
    
    <copy todir="${test.pub.dir}">
      <fileset dir="${build.webapp}/lenya/pubs/${test.pub.source.id}"/>
    </copy>
    
  </target>
  
  <!-- prepares the tests. -->
  <target name="tests.prepare">
    <mkdir dir="${build.test}"/>

    <!-- Copy test files to build test dir -->
    <copy todir="${build.test}" filtering="on">
      <fileset dir="${src.test}" excludes="**/*.java"/>
    </copy>

    <!-- Compile tests -->
    <javac srcdir="${src.test}"
           destdir="${build.test}"
           debug="{debug}"
           optimize="{optimize}"
           deprecation="{deprecation}"
           target="${target.vm}"
           fork="true"
           source="1.4">
      <classpath refid="classpath"/>
      <classpath>
        <pathelement path="${build.root}/lenya/webapp/WEB-INF/classes" />
      </classpath>
    </javac>
  </target>


  <!-- Runs JUnit tests -->
  <target name="tests.junit"	depends="init, tests.prepare,
  			test.identity,
  			test.workflow,
  			test.anttask,
  			test.creator,
  			test.publisher,
  			test.accesscontrol,
  			test.publication"
  />

  
  <!-- Identity Test -->
  <target name="test.identity">
    <java fork="yes" classname="org.apache.lenya.cms.ac.IdentityTestCase">
      <arg value="${install.dir}"/>
      <arg value="oscom"/>
      <classpath refid="classpath"/>
      <classpath>
        <pathelement location="${build.test}" />
        <pathelement path="${build.root}/lenya/webapp/WEB-INF/classes" />
      </classpath>
    </java>
  </target>
  
    
  <!-- AntTask Test -->
  <target name="test.anttask" depends="test.pub.prepare">
    <java
    	fork="yes"
    	classname="org.apache.lenya.cms.task.AntTaskTest"
    	>
      <jvmarg value="-enableassertions"/>
      <arg value="${install.dir}"/>
      <arg value="${test.pub.id}"/>
      <classpath refid="classpath.default"/>
    </java>
  </target>
  

  <!-- Workflow Test -->
  <target name="test.workflow" depends="test.pub.prepare">
    <java fork="yes" classname="org.apache.lenya.cms.workflow.WorkflowTest">
      <jvmarg value="-enableassertions"/>
      <arg value="${install.dir}"/>
      <arg value="${test.pub.id}"/>
      <arg value="simple"/> <!-- document type -->
      <classpath refid="classpath.default"/>
    </java>
  </target>  
  

  <!-- DocumentCreator Test -->
  <target name="test.creator" depends="test.pub.prepare">
    <java fork="yes" classname="org.apache.lenya.cms.authoring.DocumentCreatorTest">
      <jvmarg value="-enableassertions"/>
      <arg value="${install.dir}"/>
      <arg value="${test.pub.id}"/>
      <classpath refid="classpath.default"/>
    </java>
  </target>  

  <!-- Publisher Test -->
  <target name="test.publisher" depends="test.pub.prepare">
    <java fork="yes" classname="org.apache.lenya.cms.task.PublisherTest">
      <jvmarg value="-enableassertions"/>
      <arg value="${install.dir}"/>
      <arg value="${test.pub.id}"/>
      <classpath refid="classpath.default"/>
    </java>
  </target>  

  <!-- Access Control Test -->
  <target name="test.accesscontrol" depends="test.pub.prepare">
    <java fork="yes" classname="org.apache.lenya.cms.ac.AccessControlTest">
      <jvmarg value="-enableassertions"/>
      <arg value="${install.dir}"/>
      <arg value="${test.pub.id}"/>
      <classpath refid="classpath.default"/>
    </java>
  </target>  

  <!-- Publication Test -->
  <target name="test.publication" depends="test.pub.prepare">
    <java fork="yes" classname="org.apache.lenya.cms.publication.PublicationTest">
      <jvmarg value="-enableassertions"/>
      <arg value="${install.dir}"/>
      <arg value="${test.pub.id}"/>
      <classpath refid="classpath.default"/>
    </java>
  </target>  

  <!-- Anteater tests  -->
  <target name="tests.anteater">
    <property name="host" value="localhost"/>
    <property name="port" value="8888"/>
    <property name="base" value="/"/>

    <!-- FIXME: Anteater invocation is platform specific
    <exec executable="cmd">
      <arg line="/C C:\Java\anteater-0.9.15\bin\anteater.bat -f src/test/anteater/all-tests.xml -Dhost=${host} -Dport=${port} -Dbase=${base}"/>
    </exec>
    <exec executable="anteater">
      <arg line="-f src/test/anteater/all-tests.xml -Dhost=${host} -Dport=${port} -Dbase=${base}"/>
    </exec>
    -->
  </target>
