<?xml version="1.0"?>
<!--
  Copyright 1999-2004 The Apache Software Foundation

  Licensed under the Apache License, Version 2.0 (the "License");
  you may not use this file except in compliance with the License.
  You may obtain a copy of the License at

      http://www.apache.org/licenses/LICENSE-2.0

  Unless required by applicable law or agreed to in writing, software
  distributed under the License is distributed on an "AS IS" BASIS,
  WITHOUT WARRANTIES OR CONDITIONS OF ANY KIND, either express or implied.
  See the License for the specific language governing permissions and
  limitations under the License.
-->

<!-- $Id$ -->

<project name="lenya-test">

  <description>
    Test Targets
  </description>

    <!-- === Test targets =========================================================== -->

  <property name="debug" value="true"/>
  <property name="test.pub.id" value="test"/>
  <property name="test.pub.source.id" value="default"/>
  <property name="junit.test.loglevel" value="2"/>
  
  <!--
  DEBUG 0
  INFO  1
  WARN  2
  ERROR 3
  FATAL 4
  -->

  <path id="classpath.default">
    <path refid="classpath"/>
    <pathelement location="${build.test}" />
    <pathelement path="${build.webapp}/WEB-INF/classes" />
    <fileset dir="${build.webapp}/WEB-INF/lib">
      <include name="**.jar"/>
    </fileset>
  </path>
      
  <!-- Runs all tests -->
  <target name="test"
      description="Runs all tests"
      depends="tests.junit, modules.test"/>
  <!--
  depends="tests.junit, tests.anteater, tests.webtest"/>
  -->
  
  <!-- Prepares the test publication -->
  <target name="test.pub.prepare">
    <property name="test.pub.dir" value="${build.webapp}/lenya/pubs/${test.pub.id}"/>
    <echo>Creating test publication at ${test.pub.dir}</echo>
    <delete dir="${test.pub.dir}"/>
    <mkdir dir="${test.pub.dir}"/>
    <copy todir="${test.pub.dir}">
      <fileset dir="${build.webapp}/lenya/pubs/${test.pub.source.id}"/>
    </copy>
  </target>
  
  <!-- prepares the tests. -->
  <target name="tests.prepare">
    <mkdir dir="${build.test}"/>

    <!-- Copy test files to build test dir -->
    <copy todir="${build.test}" filtering="on">
      <fileset dir="${src.test.dir}" excludes="**/*.java"/>
    </copy>

    <copyJavaSources pubsrootdirs="${pubs.root.dirs}" javadir="java/test" builddir="${src.test.dir}" />

    <!-- Compile tests -->
    <javac srcdir="${src.test.dir}"
           destdir="${build.test}"
           debug="true"
           debuglevel="lines,vars,source"
           optimize="{optimize}"
           deprecation="{deprecation}"
           target="${target.vm}"
           fork="true"
           source="1.4">
      <classpath refid="classpath"/>
      <classpath>
        <pathelement path="${build.webapp}/WEB-INF/classes" />
      </classpath>
    </javac>
    
    <!-- Generate the xtest file -->
    <!--
    This is template code to generate the xtest file automatically.
    It doesn't work yet due to some exceptions during component initialization.
    -->
    <!--
    <xslt in="${cocoon.src.dir}/build/cocoon-2.1.9-dev/classes/org/apache/cocoon/cocoon.roles"
      out="${build.temp}/test/cocoon-roles.xsl"
      style="${src.resource.dir}/test/meta.xsl"
      force="true">
      <param name="element" expression="roles"/>
    </xslt>
    
    <xslt in="${build.webapp}/WEB-INF/classes/org/apache/lenya/lenya.roles"
          out="${build.temp}/test/roles.xsl"
          style="${src.resource.dir}/test/meta.xsl">
      <param name="element" expression="roles"/>
    </xslt>
    
    <xslt in="${build.webapp}/WEB-INF/cocoon.xconf"
      out="${build.temp}/test/components.xsl"
      style="${src.resource.dir}/test/meta.xsl">
      <param name="element" expression="components"/>
    </xslt>
    
    <xslt in="${src.resource.dir}/test/template.xtest"
      out="${build.temp}/test/cocoon-roles.xtest"
      style="${build.temp}/test/cocoon-roles.xsl"/>
    
    <xslt in="${build.temp}/test/cocoon-roles.xtest"
      out="${build.temp}/test/roles.xtest"
      style="${build.temp}/test/roles.xsl"/>
    
    <xslt in="${build.temp}/test/roles.xtest"
      out="${build.test}/org/apache/lenya/cms/LenyaTestCase.xtest"
      style="${build.temp}/test/components.xsl"/>
    -->
    
  </target>


  <!-- Runs JUnit tests -->
  <target name="tests.junit" depends="init, tests.prepare, test.pub.prepare">
    <junit printsummary="yes" showoutput="true" haltonerror="on" haltonfailure="on">
      <sysproperty key="junit.test.loglevel" value="${junit.test.loglevel}"/>
      <sysproperty key="contextRoot" value="${basedir}/build/lenya/webapp"/>
      <sysproperty key="tempDir" value="${basedir}/build/lenya/temp"/>
      <formatter type="plain"/>
      <classpath refid="classpath"/>
      <classpath>
        <pathelement location="${build.test}" />
        <pathelement path="${build.webapp}/WEB-INF/classes" />
        <fileset dir="${build.webapp}/WEB-INF/lib">
          <include name="*.jar"/>
          <include name="endorsed/*.jar"/>
        </fileset>
        <pathelement path="${src.test.dir}"/>
      </classpath>
      <test name="org.apache.lenya.ac.impl.IdentityTest"/>
      <test name="org.apache.lenya.ac.impl.AccessControllerTest"/>
      <test name="org.apache.lenya.ac.impl.AccreditableManagerTest"/>
      <test name="org.apache.lenya.ac.impl.UserManagerTest"/>
      <test name="org.apache.lenya.ac.impl.GroupManagerTest"/>
      <test name="org.apache.lenya.ac.impl.RoleManagerTest"/>
      <test name="org.apache.lenya.ac.impl.PolicyManagerTest"/>
      <test name="org.apache.lenya.ac.impl.PolicyTest"/>
      <!--
      <test name="org.apache.lenya.ac.ldap.LDAPUserTest"/>
      -->
      <test name="org.apache.lenya.ac.file.FileUserTest"/>
      <test name="org.apache.lenya.ac.file.FileGroupTest"/>
      <test name="org.apache.lenya.ac.file.FileRoleTest"/>
      
      <test name="org.apache.lenya.cms.publication.DefaultDocumentTest"/>
      <test name="org.apache.lenya.cms.publication.DefaultDocumentBuilderTest"/>
      <test name="org.apache.lenya.cms.publication.DublinCoreTest"/>
    </junit>
  </target>
  
    
  <!-- ================================================ -->
  <!-- Anteater tests -->
  <!-- ================================================ -->
  <target name="tests.anteater">
    <property name="anteater.home" value=""/>
    <property name="anteater.buildfile" value="src/test/anteater/tests.xml"/>
    <java classname="org.apache.tools.ant.Main" fork="true">
      <classpath>
        <pathelement location="${anteater.home}/resources"/>
        <fileset dir="${anteater.home}">
          <include name="lib/**/*.jar"/>
        </fileset>
      </classpath>
      <jvmarg value="-Dant.home=${anteater.home}"/>
      <jvmarg value="-Danteater.home=${anteater.home}" />
      <jvmarg value="-Danteater.report=${anteater.home}/resources/scripts/report.xml" />
      <jvmarg value="-Danteater.resources=${anteater.home}/resources" />
      <arg line="-f ${anteater.buildfile}"/>
      <arg value="-propertyfile" />
      <arg value="${anteater.home}/resources/META-INF/Anteater.properties" />
      <!--
      <arg value="-Ddefault.debug=10"/>
      -->
    </java>
  </target>


  <!-- ================================================ -->
  <!-- Canoo Webtest tests -->
  <!-- ================================================ -->
  <target name="tests.webtest">
    <property name="webtest.home" value=""/>
    <property name="webtest.buildfile" value="src/test/webtest/tests.xml"/>
    <java classname="org.apache.tools.ant.Main" fork="true">
      <classpath>
        <fileset dir="${webtest.home}">
          <include name="lib/**/*.jar"/>
        </fileset>
        <pathelement location="${webtest.home}/lib"/>
      </classpath>
      <jvmarg value="-Dwebtest.home=${webtest.home}" />
      <arg line="-f ${webtest.buildfile}"/>
    </java>
  </target>

<!-- The XSP compilation target -->
  <target name="compile-xsp" depends="tests.prepare"
          description="Compile the XSP sources">
    <mkdir dir="${build.dir}/work"/>
    <java classname="org.apache.cocoon.bean.XSPPrecompileWrapper">
      <arg value="-c${build.webapp}"/>
      <arg value="-w${build.dir}/work"/>
      <classpath>
         <pathelement path="${build.webapp}/WEB-INF/classes"/>
         <fileset dir="${build.webapp}/WEB-INF/lib">
            <include name="*.jar"/>
         </fileset>
         <fileset dir="tools/jetty/lib">
          <include name="servlet-*.jar"/>
         </fileset>
      </classpath>
    </java>
  </target>
</project>
